*------------------------------------------------------------*
* Report Log
Date:                December 03, 2022
Time:                02:49:20
*------------------------------------------------------------*
12024  *------------------------------------------------------------*;
12025  * Part: Computing statistics for class target variables;
12026  *------------------------------------------------------------*;
12027  ods listing close;
12028  ods output onewayfreqs=WORK.TEMPFREQ;
12029  proc freq data = EMWS1.FIMPORT_train order=formatted addnames;
12030  table Potability / missing;
12031  run;

NOTE: View EMWS1.FIMPORT_TRAIN.VIEW used (Total process time):
      real time           0.05 seconds
      cpu time            0.04 seconds
      
NOTE: There were 3276 observations read from the data set EMWS1.FIMPORT_DATA.
NOTE: The data set WORK.TEMPFREQ has 2 observations and 8 variables.
NOTE: There were 3276 observations read from the data set EMWS1.FIMPORT_TRAIN.
NOTE: PROCEDURE FREQ used (Total process time):
      real time           0.06 seconds
      cpu time            0.07 seconds
      

12032  quit;
12033  ods listing;
12034  data WORK.Part_BAR(keep=_VARIABLE_ TYPE COUNT PERCENT _X_ _XLABEL_);
12035  label _VARIABLE_ = "%sysfunc(sasmsg(sashelp.dmine, rpt_variable_vlabel, NOQUOTE))" Type = "%sysfunc(sasmsg(sashelp.dmine, rpt_type_vlabel,         NOQUOTE))" _X_ = "%sysfunc(sasmsg(sashelp.dmine, rpt_numValue_vlabel, NOQUOTE))" _XLABEL_ =
12036     "%sysfunc(sasmsg(sashelp.dmine, rpt_fmtValue_vlabel ,    NOQUOTE))" COUNT = "%sysfunc(sasmsg(sashelp.dmine, rpt_count_vlabel,        NOQUOTE))" PERCENT = "%sysfunc(sasmsg(sashelp.dmine, rpt_percent_vlabel,      NOQUOTE))";
12037  dsid = open("WORK.TEMPFREQ");
12038  varnum = varnum(dsid, 'VARIABLE');
12039  freqnum = varnum(dsid, 'FREQUENCY');
12040  pvarnum = varnum(dsid, 'PERCENT');
12041  typenum = varnum(dsid, '_TYPE_');
12042  length _VARIABLE_ $32 TYPE $1 _XLABEL_ $32;
12043  do while(^fetch(dsid));
12044  _VARIABLE_ = strip(getvarc(dsid, varnum));
12045  count = getvarn(dsid, freqnum);
12046  percent= getvarn(dsid, pvarnum);
12047  vvarnum = varnum(dsid, _VARIABLE_);
12048  type = vartype(dsid, vvarnum);
12049  fvarnum = varnum(dsid, 'F_'!!substr(_VARIABLE_, 1, 30));
12050  _XLABEL_ = left(getvarc(dsid, fvarnum));
12051  _X_ = .;
12052  if TYPE eq 'N' then _X_ = getvarn(dsid, vvarnum);
12053  output;
12054  end;
12055  dsid = close(dsid);
12056  run;

NOTE: The data set WORK.PART_BAR has 2 observations and 6 variables.
NOTE: DATA statement used (Total process time):
      real time           0.03 seconds
      cpu time            0.03 seconds
      

12057  proc sort data=WORK.Part_BAR NOTHREADS;
12058  by _VARIABLE_;
12059  run;

NOTE: There were 2 observations read from the data set WORK.PART_BAR.
NOTE: The data set WORK.PART_BAR has 2 observations and 6 variables.
NOTE: PROCEDURE SORT used (Total process time):
      real time           0.00 seconds
      cpu time            0.01 seconds
      

12060  proc sort data=WORK.M1REVZHY;
12061  by Name;
12062  run;

NOTE: There were 1 observations read from the data set WORK.M1REVZHY.
NOTE: The data set WORK.M1REVZHY has 1 observations and 21 variables.
NOTE: PROCEDURE SORT used (Total process time):
      real time           0.00 seconds
      cpu time            0.01 seconds
      

12063  data WORK.Part_BAR;
12064  merge WORK.Part_BAR(in=_a) WORK.M1REVZHY(keep=Name Label Role rename=(Name=_Variable_ Label=_Label_));
12065  by _Variable_;
12066  label Role = "%sysfunc(sasmsg(sashelp.dmine, meta_role_vlabel ,  NOQUOTE))";
12067  label Label = "%sysfunc(sasmsg(sashelp.dmine, meta_label_vlabel , NOQUOTE))";
12068  if _a then output;
12069  run;

NOTE: Variable Label is uninitialized.
WARNING: Multiple lengths were specified for the BY variable _VARIABLE_ by input data sets. This might cause unexpected results.
NOTE: There were 2 observations read from the data set WORK.PART_BAR.
NOTE: There were 1 observations read from the data set WORK.M1REVZHY.
NOTE: The data set WORK.PART_BAR has 2 observations and 8 variables.
NOTE: DATA statement used (Total process time):
      real time           0.02 seconds
      cpu time            0.01 seconds
      

12070  data EMWS1.Part_CLASS;
12071  length DATA $8;
12072  set WORK.Part_BAR;
12073  DATA = "DATA";
12074  run;

NOTE: There were 2 observations read from the data set WORK.PART_BAR.
NOTE: The data set EMWS1.PART_CLASS has 2 observations and 9 variables.
NOTE: DATA statement used (Total process time):
      real time           0.02 seconds
      cpu time            0.01 seconds
      

12075  *------------------------------------------------------------*;
12076  * Part: Computing statistics for interval target variables;
12077  *------------------------------------------------------------*;
12078  *------------------------------------------------------------*;
12079  * Part: Computing statistics for class target variables;
12080  *------------------------------------------------------------*;
12081  ods listing close;
12082  ods output onewayfreqs=WORK.TEMPFREQ;
12083  proc freq data = EMWS1.Part_TRAIN order=formatted addnames;
12084  table Potability / missing;
12085  run;

NOTE: The data set WORK.TEMPFREQ has 2 observations and 8 variables.
NOTE: There were 2619 observations read from the data set EMWS1.PART_TRAIN.
NOTE: PROCEDURE FREQ used (Total process time):
      real time           0.01 seconds
      cpu time            0.01 seconds
      

12086  quit;
12087  ods listing;
12088  data WORK.Part_BAR(keep=_VARIABLE_ TYPE COUNT PERCENT _X_ _XLABEL_);
12089  label _VARIABLE_ = "%sysfunc(sasmsg(sashelp.dmine, rpt_variable_vlabel, NOQUOTE))" Type = "%sysfunc(sasmsg(sashelp.dmine, rpt_type_vlabel,         NOQUOTE))" _X_ = "%sysfunc(sasmsg(sashelp.dmine, rpt_numValue_vlabel, NOQUOTE))" _XLABEL_ =
12090     "%sysfunc(sasmsg(sashelp.dmine, rpt_fmtValue_vlabel ,    NOQUOTE))" COUNT = "%sysfunc(sasmsg(sashelp.dmine, rpt_count_vlabel,        NOQUOTE))" PERCENT = "%sysfunc(sasmsg(sashelp.dmine, rpt_percent_vlabel,      NOQUOTE))";
12091  dsid = open("WORK.TEMPFREQ");
12092  varnum = varnum(dsid, 'VARIABLE');
12093  freqnum = varnum(dsid, 'FREQUENCY');
12094  pvarnum = varnum(dsid, 'PERCENT');
12095  typenum = varnum(dsid, '_TYPE_');
12096  length _VARIABLE_ $32 TYPE $1 _XLABEL_ $32;
12097  do while(^fetch(dsid));
12098  _VARIABLE_ = strip(getvarc(dsid, varnum));
12099  count = getvarn(dsid, freqnum);
12100  percent= getvarn(dsid, pvarnum);
12101  vvarnum = varnum(dsid, _VARIABLE_);
12102  type = vartype(dsid, vvarnum);
12103  fvarnum = varnum(dsid, 'F_'!!substr(_VARIABLE_, 1, 30));
12104  _XLABEL_ = left(getvarc(dsid, fvarnum));
12105  _X_ = .;
12106  if TYPE eq 'N' then _X_ = getvarn(dsid, vvarnum);
12107  output;
12108  end;
12109  dsid = close(dsid);
12110  run;

NOTE: The data set WORK.PART_BAR has 2 observations and 6 variables.
NOTE: DATA statement used (Total process time):
      real time           0.03 seconds
      cpu time            0.03 seconds
      

12111  proc sort data=WORK.Part_BAR NOTHREADS;
12112  by _VARIABLE_;
12113  run;

NOTE: There were 2 observations read from the data set WORK.PART_BAR.
NOTE: The data set WORK.PART_BAR has 2 observations and 6 variables.
NOTE: PROCEDURE SORT used (Total process time):
      real time           0.00 seconds
      cpu time            0.00 seconds
      

12114  proc sort data=WORK.M1REVZHY;
12115  by Name;
12116  run;

NOTE: Input data set is already sorted, no sorting done.
NOTE: PROCEDURE SORT used (Total process time):
      real time           0.00 seconds
      cpu time            0.00 seconds
      

12117  data WORK.Part_BAR;
12118  merge WORK.Part_BAR(in=_a) WORK.M1REVZHY(keep=Name Label Role rename=(Name=_Variable_ Label=_Label_));
12119  by _Variable_;
12120  label Role = "%sysfunc(sasmsg(sashelp.dmine, meta_role_vlabel ,  NOQUOTE))";
12121  label Label = "%sysfunc(sasmsg(sashelp.dmine, meta_label_vlabel , NOQUOTE))";
12122  if _a then output;
12123  run;

NOTE: Variable Label is uninitialized.
WARNING: Multiple lengths were specified for the BY variable _VARIABLE_ by input data sets. This might cause unexpected results.
NOTE: There were 2 observations read from the data set WORK.PART_BAR.
NOTE: There were 1 observations read from the data set WORK.M1REVZHY.
NOTE: The data set WORK.PART_BAR has 2 observations and 8 variables.
NOTE: DATA statement used (Total process time):
      real time           0.01 seconds
      cpu time            0.03 seconds
      

12124  data WORK.Part_BAR;
12125  length DATA $8;
12126  set WORK.Part_BAR;
12127  DATA = "TRAIN";
12128  run;

NOTE: There were 2 observations read from the data set WORK.PART_BAR.
NOTE: The data set WORK.PART_BAR has 2 observations and 9 variables.
NOTE: DATA statement used (Total process time):
      real time           0.00 seconds
      cpu time            0.00 seconds
      

12129  data EMWS1.Part_CLASS;
12130  set EMWS1.Part_CLASS WORK.Part_BAR;
12131  run;

NOTE: There were 2 observations read from the data set EMWS1.PART_CLASS.
NOTE: There were 2 observations read from the data set WORK.PART_BAR.
NOTE: The data set EMWS1.PART_CLASS has 4 observations and 9 variables.
NOTE: DATA statement used (Total process time):
      real time           0.00 seconds
      cpu time            0.00 seconds
      

12132  *------------------------------------------------------------*;
12133  * Part: Computing statistics for interval target variables;
12134  *------------------------------------------------------------*;
12135  *------------------------------------------------------------*;
12136  * Part: Computing statistics for class target variables;
12137  *------------------------------------------------------------*;
12138  ods listing close;
12139  ods output onewayfreqs=WORK.TEMPFREQ;
12140  proc freq data = EMWS1.Part_TEST order=formatted addnames;
12141  table Potability / missing;
12142  run;

NOTE: The data set WORK.TEMPFREQ has 2 observations and 8 variables.
NOTE: There were 657 observations read from the data set EMWS1.PART_TEST.
NOTE: PROCEDURE FREQ used (Total process time):
      real time           0.01 seconds
      cpu time            0.00 seconds
      

12143  quit;
12144  ods listing;
12145  data WORK.Part_BAR(keep=_VARIABLE_ TYPE COUNT PERCENT _X_ _XLABEL_);
12146  label _VARIABLE_ = "%sysfunc(sasmsg(sashelp.dmine, rpt_variable_vlabel, NOQUOTE))" Type = "%sysfunc(sasmsg(sashelp.dmine, rpt_type_vlabel,         NOQUOTE))" _X_ = "%sysfunc(sasmsg(sashelp.dmine, rpt_numValue_vlabel, NOQUOTE))" _XLABEL_ =
12147     "%sysfunc(sasmsg(sashelp.dmine, rpt_fmtValue_vlabel ,    NOQUOTE))" COUNT = "%sysfunc(sasmsg(sashelp.dmine, rpt_count_vlabel,        NOQUOTE))" PERCENT = "%sysfunc(sasmsg(sashelp.dmine, rpt_percent_vlabel,      NOQUOTE))";
12148  dsid = open("WORK.TEMPFREQ");
12149  varnum = varnum(dsid, 'VARIABLE');
12150  freqnum = varnum(dsid, 'FREQUENCY');
12151  pvarnum = varnum(dsid, 'PERCENT');
12152  typenum = varnum(dsid, '_TYPE_');
12153  length _VARIABLE_ $32 TYPE $1 _XLABEL_ $32;
12154  do while(^fetch(dsid));
12155  _VARIABLE_ = strip(getvarc(dsid, varnum));
12156  count = getvarn(dsid, freqnum);
12157  percent= getvarn(dsid, pvarnum);
12158  vvarnum = varnum(dsid, _VARIABLE_);
12159  type = vartype(dsid, vvarnum);
12160  fvarnum = varnum(dsid, 'F_'!!substr(_VARIABLE_, 1, 30));
12161  _XLABEL_ = left(getvarc(dsid, fvarnum));
12162  _X_ = .;
12163  if TYPE eq 'N' then _X_ = getvarn(dsid, vvarnum);
12164  output;
12165  end;
12166  dsid = close(dsid);
12167  run;

NOTE: The data set WORK.PART_BAR has 2 observations and 6 variables.
NOTE: DATA statement used (Total process time):
      real time           0.03 seconds
      cpu time            0.04 seconds
      

12168  proc sort data=WORK.Part_BAR NOTHREADS;
12169  by _VARIABLE_;
12170  run;

NOTE: There were 2 observations read from the data set WORK.PART_BAR.
NOTE: The data set WORK.PART_BAR has 2 observations and 6 variables.
NOTE: PROCEDURE SORT used (Total process time):
      real time           0.00 seconds
      cpu time            0.00 seconds
      

12171  proc sort data=WORK.M1REVZHY;
12172  by Name;
12173  run;

NOTE: Input data set is already sorted, no sorting done.
NOTE: PROCEDURE SORT used (Total process time):
      real time           0.00 seconds
      cpu time            0.00 seconds
      

12174  data WORK.Part_BAR;
12175  merge WORK.Part_BAR(in=_a) WORK.M1REVZHY(keep=Name Label Role rename=(Name=_Variable_ Label=_Label_));
12176  by _Variable_;
12177  label Role = "%sysfunc(sasmsg(sashelp.dmine, meta_role_vlabel ,  NOQUOTE))";
12178  label Label = "%sysfunc(sasmsg(sashelp.dmine, meta_label_vlabel , NOQUOTE))";
12179  if _a then output;
12180  run;

NOTE: Variable Label is uninitialized.
WARNING: Multiple lengths were specified for the BY variable _VARIABLE_ by input data sets. This might cause unexpected results.
NOTE: There were 2 observations read from the data set WORK.PART_BAR.
NOTE: There were 1 observations read from the data set WORK.M1REVZHY.
NOTE: The data set WORK.PART_BAR has 2 observations and 8 variables.
NOTE: DATA statement used (Total process time):
      real time           0.01 seconds
      cpu time            0.03 seconds
      

12181  data WORK.Part_BAR;
12182  length DATA $8;
12183  set WORK.Part_BAR;
12184  DATA = "TEST";
12185  run;

NOTE: There were 2 observations read from the data set WORK.PART_BAR.
NOTE: The data set WORK.PART_BAR has 2 observations and 9 variables.
NOTE: DATA statement used (Total process time):
      real time           0.00 seconds
      cpu time            0.00 seconds
      

12186  data EMWS1.Part_CLASS;
12187  set EMWS1.Part_CLASS WORK.Part_BAR;
12188  run;

NOTE: There were 4 observations read from the data set EMWS1.PART_CLASS.
NOTE: There were 2 observations read from the data set WORK.PART_BAR.
NOTE: The data set EMWS1.PART_CLASS has 6 observations and 9 variables.
NOTE: DATA statement used (Total process time):
      real time           0.01 seconds
      cpu time            0.01 seconds
      

12189  *------------------------------------------------------------*;
12190  * Part: Computing statistics for interval target variables;
12191  *------------------------------------------------------------*;
12192  data EMWS1.Part_CLASS(rename=(_VARIABLE_=VARIABLE _X_=VALUE _XLABEL_=FORMATTEDVALUE));
12193  label DATA = "%sysfunc(sasmsg(sashelp.dmine, rpt_data_vlabel ,   NOQUOTE))";
12194  set EMWS1.Part_CLASS;
12195  drop type role;
12196  run;

NOTE: There were 6 observations read from the data set EMWS1.PART_CLASS.
NOTE: The data set EMWS1.PART_CLASS has 6 observations and 7 variables.
NOTE: DATA statement used (Total process time):
      real time           0.02 seconds
      cpu time            0.01 seconds
      

12197  proc sort data=EMWS1.Part_CLASS NOTHREADS;
12198  by DATA;
12199  run;

NOTE: There were 6 observations read from the data set EMWS1.PART_CLASS.
NOTE: The data set EMWS1.PART_CLASS has 6 observations and 7 variables.
NOTE: PROCEDURE SORT used (Total process time):
      real time           0.00 seconds
      cpu time            0.00 seconds
      

12200  %let _cn = %sysfunc(getoption(CENTER));
12201  %let _nb = %sysfunc(getoption(NUMBER));
12202  options nonumber nocenter;
12203  proc print data=EMWS1.Part_CLASS noobs label;
12204  by DATA;
12205  title9 ' ';
12206  title10 "%sysfunc(sasmsg(sashelp.dmine, rpt_classTargetStats_title, NOQUOTE))";
12207  run;

NOTE: There were 6 observations read from the data set EMWS1.PART_CLASS.
NOTE: The PROCEDURE PRINT printed page 3.
NOTE: PROCEDURE PRINT used (Total process time):
      real time           0.00 seconds
      cpu time            0.00 seconds
      

12208  title10;
12209  options &_cn &_nb;

