*------------------------------------------------------------*
* Training Log
Date:                December 03, 2022
Time:                02:51:47
*------------------------------------------------------------*
11433  proc freq data=EMWS1.Reg_VariableSet noprint;
11434  table ROLE*LEVEL/out=WORK.RegMETA;
11435  run;

NOTE: There were 10 observations read from the data set EMWS1.REG_VARIABLESET.
NOTE: The data set WORK.REGMETA has 2 observations and 4 variables.
NOTE: PROCEDURE FREQ used (Total process time):
      real time           0.02 seconds
      cpu time            0.03 seconds
      

11436  proc print data=WORK.RegMETA label noobs;
11437  var ROLE LEVEL COUNT;
11438  label ROLE = "%sysfunc(sasmsg(sashelp.dmine, meta_role_vlabel, NOQUOTE))" LEVEL = "%sysfunc(sasmsg(sashelp.dmine, meta_level_vlabel, NOQUOTE))" COUNT = "%sysfunc(sasmsg(sashelp.dmine, rpt_count_vlabel, NOQUOTE))";
11439  title9 ' ';
11440  title10 "%sysfunc(sasmsg(sashelp.dmine, rpt_varSummary_title  , NOQUOTE))";
11441  run;

NOTE: There were 2 observations read from the data set WORK.REGMETA.
NOTE: The PROCEDURE PRINT printed page 1.
NOTE: PROCEDURE PRINT used (Total process time):
      real time           0.02 seconds
      cpu time            0.01 seconds
      

11442  title10;

11443  %let EMNORLEN = %DMNORLEN;
EMWS1.Stat_TRAIN EMWS1.Stat_TRAIN 
EMWS1.Stat_TRAIN EMWS1.Stat_TRAIN EMWS1 Stat_TRAIN 
EMWS1.Stat_TRAIN EMWS1.Stat_TRAIN 
EMWS1.Stat_TRAIN EMWS1.Stat_TRAIN EMWS1 Stat_TRAIN 
>>>>>>>>>>>>>> TARGET(   USE='Y' 
                         REPORT='N' 
                         NAME='Potability' 
                         ROLE='TARGET' 
                         LEVEL='BINARY' 
                         ORDER='' 
                         CREATOR='' 
                         FORMATTYPE='QUANTITY' 
                         FAMILY='' 
                         LOWERLIMIT=. 
                         UPPERLIMIT=. 
                         DISTRIBUTION='' 
                         COMMENT='' 
                         PRICE=. 
                         TYPE='N' 
                         LABEL='' 
                         FORMAT='BEST12.0' 
                         INFORMAT='BEST32.0' 
                         INDEX='N' 
                         INDEXTYPE='NONE' 
                         LENGTH=8 
                      )[11099] 
PERFORMANCE  DETAILS
WORK.EM_DMDB WORK.EM_DMDB 
WORK.EM_DMDB WORK.EM_DMDB WORK EM_DMDB 
11528  data WORK.Reg_EVENT(KEEP=VARIABLE LABEL LEVEL EVENT NUMLEVELS ORDER);
11529  length ORDER $20;
11530  label VARIABLE = "%sysfunc(sasmsg(sashelp.dmine, rpt_target_vlabel,  NOQUOTE))" EVENT = "%sysfunc(sasmsg(sashelp.dmine, assmt_event_vlabel, NOQUOTE))" NUMLEVELS = "%sysfunc(sasmsg(sashelp.dmine, rpt_numcat_vlabel, NOQUOTE))" LEVEL =
11531     "%sysfunc(sasmsg(sashelp.dmine, meta_level_vlabel, NOQUOTE))" ORDER = "%sysfunc(sasmsg(sashelp.dmine, meta_order_vlabel, NOQUOTE))" LABEL = "%sysfunc(sasmsg(sashelp.dmine, meta_label_vlabel, NOQUOTE))";
11532  set EMWS1.REG_POTABILITY_DM( where=(_TYPE_="TARGET"));
11533  NumLevels=2;
11534  select(upcase(ORDER));
11535  when('DESC') ORDER = 'Descending';
11536  when('ASC') ORDER = 'Ascending';
11537  when('FMTDESC') ORDER = 'Formatted Descending';
11538  when('FMTASC') ORDER = 'Formatted Ascending';
11539  otherwise ORDER = 'Descending';
11540  end;
11541  output;
11542  run;

NOTE: There were 1 observations read from the data set EMWS1.REG_POTABILITY_DM.
      WHERE _TYPE_='TARGET';
NOTE: The data set WORK.REG_EVENT has 1 observations and 6 variables.
NOTE: DATA statement used (Total process time):
      real time           0.03 seconds
      cpu time            0.04 seconds
      

11543  title9 ' ';
11544  proc print data=WORK.Reg_EVENT noobs label;
11545  var VARIABLE EVENT LEVEL NUMLEVELS ORDER LABEL;
11546  title9 ' ';
11547  title10 "%sysfunc(sasmsg(sashelp.dmine, rpt_modelEvent_title  , NOQUOTE))";
11548  run;

NOTE: There were 1 observations read from the data set WORK.REG_EVENT.
NOTE: The PROCEDURE PRINT printed page 2.
NOTE: PROCEDURE PRINT used (Total process time):
      real time           0.00 seconds
      cpu time            0.00 seconds
      

11549  title10;

"No decisions defined for target "Potability"." 
11550  proc print data = EMWS1.Reg_Potability_DM noobs label;
11551  var _type_ variable label;
11552  where _type_ ^in('MATRIX', 'DECISION', 'TRAINPRIOR', 'DATAPRIOR', 'DECPRIOR');
11553  label _TYPE_ = "%sysfunc(sasmsg(sashelp.dmine, rpt_type_vlabel,     NOQUOTE))" VARIABLE = "%sysfunc(sasmsg(sashelp.dmine, rpt_variable_vlabel, NOQUOTE))" LABEL = "%sysfunc(sasmsg(sashelp.dmine, meta_label_vlabel, NOQUOTE))";
11554  title9 ' ';
11555  title10 "%sysfunc(sasmsg(sashelp.dmine, rpt_predDecVars_title  , NOQUOTE))";
11556  run;

NOTE: There were 7 observations read from the data set EMWS1.REG_POTABILITY_DM.
      WHERE _type_ not in ('DATAPRIOR', 'DECISION', 'DECPRIOR', 'MATRIX', 'TRAINPRIOR');
NOTE: The PROCEDURE PRINT printed page 3.
NOTE: PROCEDURE PRINT used (Total process time):
      real time           0.01 seconds
      cpu time            0.01 seconds
      

11557  title10;

11567  data WORK.M1MKMZZS;
11568  set WORK.M1MKMZZS end=eof;
11569  output;
11570  if eof then do;
11571  NAME="";
11572  ROLE="COST";
11573  LEVEL="INTERVAL";
11574  TYPE="N";
11575  output;
11576  end;
11577  run;

NOTE: There were 10 observations read from the data set WORK.M1MKMZZS.
NOTE: The data set WORK.M1MKMZZS has 11 observations and 21 variables.
NOTE: DATA statement used (Total process time):
      real time           0.00 seconds
      cpu time            0.00 seconds
      

NOTE: There were 2 observations read from the data set EMWS1.REG_POTABILITY_DD.
NOTE: The data set WORK.POTABILITY has 2 observations and 7 variables.
NOTE: There were 2 observations read from the data set EMWS1.REG_POTABILITY_DD.
NOTE: The data set WORK.POTABILITY has 2 observations and 7 variables.
11578  *------------------------------------------------------------*;
11579  * Reg: Create decision matrix;
11580  *------------------------------------------------------------*;
11581  data WORK.Potability(label="Potability");
11582    length   Potability                       $  32
11583             COUNT                                8
11584             DATAPRIOR                            8
11585             TRAINPRIOR                           8
11586             DECPRIOR                             8
11587             DECISION1                            8
11588             DECISION2                            8
11589             ;
11590  
11591    label    COUNT="Level Counts"
11592             DATAPRIOR="Data Proportions"
11593             TRAINPRIOR="Training Proportions"
11594             DECPRIOR="Decision Priors"
11595             DECISION1="1"
11596             DECISION2="0"
11597             ;
11598  Potability="1"; COUNT=1021; DATAPRIOR=0.38984345169912; TRAINPRIOR=0.38984345169912; DECPRIOR=.; DECISION1=1; DECISION2=0;
11599  output;
11600  Potability="0"; COUNT=1598; DATAPRIOR=0.61015654830087; TRAINPRIOR=0.61015654830087; DECPRIOR=.; DECISION1=0; DECISION2=1;
11601  output;
11602  ;
11603  run;

NOTE: The data set WORK.POTABILITY has 2 observations and 7 variables.
NOTE: DATA statement used (Total process time):
      real time           0.00 seconds
      cpu time            0.01 seconds
      

11604  proc datasets lib=work nolist;
11605  modify Potability(type=PROFIT label=Potability);
11606  label DECISION1= '1';
11607  label DECISION2= '0';
11608  run;

NOTE: MODIFY was successful for WORK.POTABILITY.DATA.
11609  quit;

NOTE: PROCEDURE DATASETS used (Total process time):
      real time           0.00 seconds
      cpu time            0.00 seconds
      

11610  data EM_DMREG / view=EM_DMREG;
11611  set EMWS1.Stat_TRAIN(keep=
11612  Chloramines Conductivity Hardness Organic_carbon Potability Solids Sulfate
11613  Trihalomethanes Turbidity ph );
11614  run;

NOTE: DATA STEP view saved on file WORK.EM_DMREG.
NOTE: A stored DATA STEP view cannot run under a different operating system.
NOTE: View EMWS1.STAT_TRAIN.VIEW used (Total process time):
      real time           0.04 seconds
      cpu time            0.04 seconds
      
NOTE: DATA statement used (Total process time):
      real time           0.05 seconds
      cpu time            0.04 seconds
      

11615  *------------------------------------------------------------* ;
11616  * Reg: DMDBClass Macro ;
11617  *------------------------------------------------------------* ;
11618  %macro DMDBClass;
11619      Potability(DESC)
11620  %mend DMDBClass;
11621  *------------------------------------------------------------* ;
11622  * Reg: DMDBVar Macro ;
11623  *------------------------------------------------------------* ;
11624  %macro DMDBVar;
11625      Chloramines Conductivity Hardness Organic_carbon Solids Sulfate
11626     Trihalomethanes Turbidity ph
11627  %mend DMDBVar;
11628  *------------------------------------------------------------*;
11629  * Reg: Create DMDB;
11630  *------------------------------------------------------------*;
11631  proc dmdb batch data=WORK.EM_DMREG
11632  dmdbcat=WORK.Reg_DMDB
11633  maxlevel = 513
11634  ;
11635  class %DMDBClass;
11636  var %DMDBVar;
11637  target
11638  Potability
11639  ;
11640  run;

NOTE: Records processed = 2619   Memory used = 511K.
NOTE: There were 2619 observations read from the data set EMWS1.PART_TRAIN.
NOTE: View WORK.EM_DMREG.VIEW used (Total process time):
      real time           0.08 seconds
      cpu time            0.09 seconds
      
NOTE: There were 2619 observations read from the data set EMWS1.STAT_TRAIN.
NOTE: There were 2619 observations read from the data set WORK.EM_DMREG.
NOTE: PROCEDURE DMDB used (Total process time):
      real time           0.09 seconds
      cpu time            0.09 seconds
      

11641  quit;
11642  *--- end code ---*;

11643  *------------------------------------------------------------*;
11644  * Reg: Run DMREG procedure;
11645  *------------------------------------------------------------*;
11646  proc dmreg data=EM_DMREG dmdbcat=WORK.Reg_DMDB
11647  outest = EMWS1.Reg_EMESTIMATE
11648  outterms = EMWS1.Reg_OUTTERMS
11649  outmap= EMWS1.Reg_MAPDS namelen=200
11650  ;
11651  class
11652  Potability
11653  ;
11654  model Potability =
11655  Chloramines
11656  Conductivity
11657  Hardness
11658  Organic_carbon
11659  Solids
11660  Sulfate
11661  Trihalomethanes
11662  Turbidity
11663  ph
11664  /error=binomial link=LOGIT
11665  coding=DEVIATION
11666  nodesignprint
11667  ;
11668  ;
11669  score data=EMWS1.Stat_TEST
11670  out=_null_
11671  outfit=EMWS1.Reg_FITTEST
11672  role = TEST
11673  ;
11674  code file="C:\Users\sbattina\Desktop\Water quality\Workspaces\EMWS1\Reg\EMPUBLISHSCORE.sas"
11675  group=Reg
11676  ;
11677  code file="C:\Users\sbattina\Desktop\Water quality\Workspaces\EMWS1\Reg\EMFLOWSCORE.sas"
11678  group=Reg
11679  residual
11680  ;
11681  run;


NOTE: PROC DMREG is modeling the probability that Potability='1'.
NOTE: Convergence criterion (GCONV=1E-6) satisfied.
NOTE: External file C:\Users\sbattina\Desktop\Water quality\Workspaces\EMWS1\Reg\EMPUBLISHSCORE.sas opened.
NOTE: External file C:\Users\sbattina\Desktop\Water quality\Workspaces\EMWS1\Reg\EMFLOWSCORE.sas opened.
NOTE: View EMWS1.STAT_TEST.VIEW used (Total process time):
      real time           0.28 seconds
      cpu time            0.23 seconds
      
NOTE: There were 657 observations read from the data set EMWS1.PART_TEST.
NOTE: There were 2619 observations read from the data set EMWS1.PART_TRAIN.
NOTE: View WORK.EM_DMREG.VIEW used (Total process time):
      real time           0.39 seconds
      cpu time            0.35 seconds
      
NOTE: There were 2619 observations read from the data set EMWS1.STAT_TRAIN.
NOTE: There were 2619 observations read from the data set WORK.EM_DMREG.
NOTE: There were 657 observations read from the data set EMWS1.STAT_TEST.
NOTE: The data set EMWS1.REG_EMESTIMATE has 3 observations and 32 variables.
NOTE: The data set EMWS1.REG_OUTTERMS has 10 observations and 5 variables.
NOTE: The data set EMWS1.REG_MAPDS has 2 observations and 11 variables.
NOTE: The data set EMWS1.REG_FITTEST has 1 observations and 14 variables.
NOTE: The PROCEDURE DMREG printed pages 4-5.
NOTE: PROCEDURE DMREG used (Total process time):
      real time           0.44 seconds
      cpu time            0.39 seconds
      

11682  quit;

11683  proc datasets lib=WORK nolist;
11684  delete Reg_DMDB;
11685  run;

NOTE: The file WORK.REG_DMDB (memtype=DATA) was not found, but appears on a DELETE statement.
11686  quit;

NOTE: PROCEDURE DATASETS used (Total process time):
      real time           0.00 seconds
      cpu time            0.00 seconds
      

11687  proc datasets lib=WORK nolist;
11688  delete Reg_DMDB / memtype=catalog;
11689  run;

NOTE: Deleting WORK.REG_DMDB (memtype=CATALOG).
11690  quit;

NOTE: PROCEDURE DATASETS used (Total process time):
      real time           0.00 seconds
      cpu time            0.00 seconds
      

11691  data WORK.ESTIMATE;
11692  length _NAME_ $32;
11693  set EMWS1.Reg_EMESTIMATE;
11694  drop _AIC_--_MISC_
11695  ;
11696  where _TYPE_ in('PARMS', 'T', 'P');
11697  select(_TYPE_);
11698  when('PARMS') _NAME_='Coefficient';
11699  when('T') _NAME_='tValue';
11700  when('P') _NAME_='PValue';
11701  otherwise;
11702  end;
11703  run;

NOTE: There were 3 observations read from the data set EMWS1.REG_EMESTIMATE.
      WHERE _TYPE_ in ('P', 'PARMS', 'T');
NOTE: The data set WORK.ESTIMATE has 3 observations and 12 variables.
NOTE: DATA statement used (Total process time):
      real time           0.00 seconds
      cpu time            0.01 seconds
      

11704  proc transpose data=WORK.ESTIMATE out=WORK.ESTIMATE(rename=(_NAME_=Effect));
11705  run;

NOTE: There were 3 observations read from the data set WORK.ESTIMATE.
NOTE: The data set WORK.ESTIMATE has 10 observations and 5 variables.
NOTE: PROCEDURE TRANSPOSE used (Total process time):
      real time           0.01 seconds
      cpu time            0.00 seconds
      

11706  proc transpose data=EMWS1.Reg_MAPDS out=WORK.MAP(rename=(_NAME_=Effect INPUT=Variable
11707  ));
11708  var 'Chloramines'n--'ph'n;
11709  run;

NOTE: There were 2 observations read from the data set EMWS1.REG_MAPDS.
NOTE: The data set WORK.MAP has 9 observations and 3 variables.
NOTE: PROCEDURE TRANSPOSE used (Total process time):
      real time           0.01 seconds
      cpu time            0.01 seconds
      

11710  proc sort data=WORK.MAP;
11711  by Effect;
11712  run;

NOTE: There were 9 observations read from the data set WORK.MAP.
NOTE: The data set WORK.MAP has 9 observations and 3 variables.
NOTE: PROCEDURE SORT used (Total process time):
      real time           0.01 seconds
      cpu time            0.00 seconds
      

11713  proc sort data=WORK.ESTIMATE;
11714  by Effect;
11715  run;

NOTE: There were 10 observations read from the data set WORK.ESTIMATE.
NOTE: The data set WORK.ESTIMATE has 10 observations and 5 variables.
NOTE: PROCEDURE SORT used (Total process time):
      real time           0.00 seconds
      cpu time            0.01 seconds
      

11716  data EMWS1.Reg_EFFECTS(rename=(_LABEL_=EffectLabel));
11717  length Variable ClassLevel $32;
11718  merge WORK.ESTIMATE WORK.MAP;
11719  by Effect;
11720  label Effect = "%sysfunc(sasmsg(sashelp.dmine, rpt_effect_vlabel, NOQUOTE))" Variable = "%sysfunc(sasmsg(sashelp.dmine, rpt_variable_vlabel, NOQUOTE))" Sign = "%sysfunc(sasmsg(sashelp.dmine, rpt_sign_vlabel, NOQUOTE))" ClassLevel =
11721     "%sysfunc(sasmsg(sashelp.dmine, rpt_level_vlabel, NOQUOTE))" Abscoefficient = "%sysfunc(sasmsg(sashelp.dmine, rpt_abscoefficient_vlabel, NOQUOTE))" Coefficient = "%sysfunc(sasmsg(sashelp.dmine, rpt_coefficient_vlabel, NOQUOTE))" _LABEL_ =
11722     "%sysfunc(sasmsg(sashelp.dmine, rpt_effectLabel_vlabel, NOQUOTE))" CODE = "%sysfunc(sasmsg(sashelp.dmine, rpt_scorecodevar_vlabel, NOQUOTE))";
11723  label tvalue = "%sysfunc(sasmsg(sashelp.dmine, rpt_tvalue_vlabel,         NOQUOTE))" abstvalue = "%sysfunc(sasmsg(sashelp.dmine, rpt_absoluteTvalue_vlabel, NOQUOTE))" PValue = "%sysfunc(sasmsg(sashelp.dmine, rpt_pvalue_vlabel,         NOQUOTE))";
11724  abstvalue = abs(tValue);
11725  if index(Effect, 'Intercept') then do;
11726  variable = 'Intercept';
11727  classLevel = scan(_LABEL_, 2, '=');
11728  end;
11729  if ^indexc(variable, '*') then do;
11730  if length(effect)>length(variable) then classlevel = substr(Effect, length(variable)+1);
11731  end;
11732  if Effect eq '' then Effect = Variable;
11733  if coefficient < 0 then sign = '-';
11734  else sign = '+';
11735  abscoefficient = abs(coefficient);
11736  if _LABEL_ = '' then _LABEL_ = Effect;
11737  if coefficient ne . then output;
11738  run;

NOTE: There were 10 observations read from the data set WORK.ESTIMATE.
NOTE: There were 9 observations read from the data set WORK.MAP.
NOTE: The data set EMWS1.REG_EFFECTS has 10 observations and 11 variables.
NOTE: DATA statement used (Total process time):
      real time           0.05 seconds
      cpu time            0.06 seconds
      

11739  proc sort data =EMWS1.Reg_EFFECTS;
11740  by
11741  descending abstvalue;
11742  run;

NOTE: There were 10 observations read from the data set EMWS1.REG_EFFECTS.
NOTE: The data set EMWS1.REG_EFFECTS has 10 observations and 11 variables.
NOTE: PROCEDURE SORT used (Total process time):
      real time           0.00 seconds
      cpu time            0.00 seconds
      

11743  data EMWS1.Reg_EFFECTS;
11744  set EMWS1.Reg_EFFECTS;
11745  format TEffectNum 3.;
11746  label TEffectNum = "%sysfunc(sasmsg(sashelp.dmine, rpt_teffectnum_vlabel, NOQUOTE))";
11747  retain TEffectNum;
11748  TEffectNum = _N_;
11749  run;

NOTE: There were 10 observations read from the data set EMWS1.REG_EFFECTS.
NOTE: The data set EMWS1.REG_EFFECTS has 10 observations and 12 variables.
NOTE: DATA statement used (Total process time):
      real time           0.01 seconds
      cpu time            0.00 seconds
      

11750  proc sort data =EMWS1.Reg_EFFECTS;
11751  by
11752  descending absCoefficient;
11753  run;

NOTE: There were 10 observations read from the data set EMWS1.REG_EFFECTS.
NOTE: The data set EMWS1.REG_EFFECTS has 10 observations and 12 variables.
NOTE: PROCEDURE SORT used (Total process time):
      real time           0.00 seconds
      cpu time            0.01 seconds
      

11754  data EMWS1.Reg_EFFECTS;
11755  set EMWS1.Reg_EFFECTS;
11756  format EffectNum 3.;
11757  label EffectNum = "%sysfunc(sasmsg(sashelp.dmine, rpt_effectnum_vlabel, NOQUOTE))";
11758  retain EffectNum;
11759  EffectNum = _N_;
11760  run;

NOTE: There were 10 observations read from the data set EMWS1.REG_EFFECTS.
NOTE: The data set EMWS1.REG_EFFECTS has 10 observations and 13 variables.
NOTE: DATA statement used (Total process time):
      real time           0.01 seconds
      cpu time            0.01 seconds
      

ERROR:  Windows error code: 1224 in hc_disk_truncate for C:\Users\sbattina\Desktop\Water quality\Workspaces\EMWS1\reg.sas7bcat, The requested operation cannot be performed on a file with a user-mapped section open.
