 
                                                                                                                                                                                                                                                                
 
 
Fit Statistics

Target=Potability Target Label=' '

   Fit
Statistics    Statistics Label                     Train       Test

 _DFT_        Total Degrees of Freedom           2619.00        .  
 _DFE_        Degrees of Freedom for Error       2464.00        .  
 _DFM_        Model Degrees of Freedom            155.00        .  
 _NW_         Number of Estimated Weights         155.00        .  
 _AIC_        Akaike's Information Criterion     3091.76        .  
 _SBC_        Schwarz's Bayesian Criterion       4001.70        .  
 _ASE_        Average Squared Error                 0.18       0.23
 _MAX_        Maximum Absolute Error                0.99       0.96
 _DIV_        Divisor for ASE                    5238.00    1314.00
 _NOBS_       Sum of Frequencies                 2619.00     657.00
 _RASE_       Root Average Squared Error            0.42       0.48
 _SSE_        Sum of Squared Errors               931.51     299.19
 _SUMW_       Sum of Case Weights Times Freq     5238.00    1314.00
 _FPE_        Final Prediction Error                0.20        .  
 _MSE_        Mean Squared Error                    0.19       0.23
 _RFPE_       Root Final Prediction Error           0.45        .  
 _RMSE_       Root Mean Squared Error               0.43       0.48
 _AVERR_      Average Error Function                0.53       0.66
 _ERR_        Error Function                     2781.76     865.97
 _MISC_       Misclassification Rate                0.26       0.36
 _WRONG_      Number of Wrong Classifications     678.00     234.00
 
                                                                                                                                                                                                                                                                
 
 
Classification Table

Data Role=TRAIN Target Variable=Potability Target Label=' '

                       Target        Outcome     Frequency       Total
Target    Outcome    Percentage    Percentage      Count      Percentage

  0          0         74.6781       87.1089        1392        53.1501 
  1          0         25.3219       46.2292         472        18.0221 
  0          1         27.2848       12.8911         206         7.8656 
  1          1         72.7152       53.7708         549        20.9622 
 
                                                                                                                                                                                                                                                                
 
 
Event Classification Table

Data Role=TRAIN Target=Potability Target Label=' '

  False       True        False       True
Negative    Negative    Positive    Positive

   472        1392         206         549  
 
                                                                                                                                                                                                                                                                
 
 
Assessment Score Rankings

Data Role=TRAIN Target Variable=Potability Target Label=' '

                                                                                           Mean
                               Cumulative        %       Cumulative      Number of      Posterior
Depth       Gain      Lift        Lift       Response    % Response    Observations    Probability

   5     146.723    2.46723      2.46723      96.1832      96.1832          131          0.94150  
  10     133.016    2.19309      2.33016      85.4962      90.8397          131          0.82659  
  15     115.393    1.80147      2.15393      70.2290      83.9695          131          0.71663  
  20     104.134    1.70356      2.04134      66.4122      79.5802          131          0.63415  
  25      94.245    1.54691      1.94245      60.3053      75.7252          131          0.56602  
  30      83.410    1.29236      1.83410      50.3817      71.5013          131          0.51390  
  35      72.314    1.05738      1.72314      41.2214      67.1756          131          0.46555  
  40      62.034    0.90073      1.62034      35.1145      63.1679          131          0.42676  
  45      55.344    1.01822      1.55344      39.6947      60.5598          131          0.38637  
  50      49.796    0.99864      1.49796      38.9313      58.3969          131          0.35328  
  55      44.367    0.90073      1.44367      35.1145      56.2804          131          0.32248  
  60      37.558    0.62660      1.37558      24.4275      53.6260          131          0.29449  
  65      31.194    0.54827      1.31194      21.3740      51.1450          131          0.26493  
  70      26.578    0.66576      1.26578      25.9542      49.3457          131          0.23757  
  75      21.142    0.45037      1.21142      17.5573      47.2265          131          0.20957  
  80      16.630    0.48953      1.16630      19.0840      45.4676          131          0.18233  
  85      12.995    0.54827      1.12995      21.3740      44.0503          131          0.15526  
  90       8.675    0.35246      1.08675      13.7405      42.3664          131          0.12586  
  95       4.502    0.29372      1.04502      11.4504      40.7393          131          0.09275  
 100       0.000    0.13812      1.00000       5.3846      38.9843          130          0.04518  
 
                                                                                                                                                                                                                                                                
 
 
Assessment Score Distribution

Data Role=TRAIN Target Variable=Potability Target Label=' '

 Posterior     Number                     Mean
Probability      of      Number of     Posterior
   Range       Events    Nonevents    Probability    Percentage

 0.95-1.00       54           2         0.97757        2.13822 
 0.90-0.95       51           2         0.92424        2.02367 
 0.85-0.90       53           5         0.87750        2.21459 
 0.80-0.85       55           6         0.82404        2.32913 
 0.75-0.80       45          16         0.77586        2.32913 
 0.70-0.75       40          14         0.72201        2.06186 
 0.65-0.70       63          24         0.67482        3.32188 
 0.60-0.65       55          38         0.62427        3.55097 
 0.55-0.60       61          40         0.57296        3.85643 
 0.50-0.55       72          59         0.52594        5.00191 
 0.45-0.50       64          91         0.47191        5.91829 
 0.40-0.45       57         100         0.42490        5.99465 
 0.35-0.40       74         114         0.37425        7.17831 
 0.30-0.35       76         153         0.32414        8.74380 
 0.25-0.30       52         171         0.27433        8.51470 
 0.20-0.25       55         190         0.22444        9.35472 
 0.15-0.20       51         187         0.17403        9.08744 
 0.10-0.15       29         184         0.12501        8.13288 
 0.05-0.10       12         132         0.07569        5.49828 
 0.00-0.05        2          70         0.03298        2.74914 
